================================================================
== Design Size Report
================================================================

* Total Instructions per Compilation Phase
+---------------+-----------------------------+--------------+----------------------------------------------------------------------------------------+
| Phase         | Step                        | Instructions | Description                                                                            |
+---------------+-----------------------------+--------------+----------------------------------------------------------------------------------------+
| Compile/Link  |                             |  1,361       | After all functions are compiled and linked into a single design                       |
|               |                             |              |                                                                                        |
| Unroll/Inline |                             |              | After user unroll and inline pragmas are applied                                       |
|               | (1) unroll                  | 53,347       | user unroll pragmas are applied                                                        |
|               | (2) simplification          | 40,168       | simplification of applied user unroll pragmas                                          |
|               | (3) inline                  | 38,233       | user inline pragmas are applied                                                        |
|               | (4) simplification          | 38,211       | simplification of applied user inline pragmas                                          |
|               |                             |              |                                                                                        |
| Array/Struct  |                             |              | After user array partition and struct aggregate/disaggregate pragmas are applied       |
|               | (1) array partition         | 36,196       | user array partition pragmas are applied                                               |
|               | (2) simplification          | 36,196       | simplification of applied user array partition & struct aggregate/disaggregate pragmas |
|               | (3) aggregate/disaggregate  | 36,197       | user struct aggregate/disaggregate pragmas are applied                                 |
|               | (4) array reshape           | 39,725       | apply array reshape pragmas                                                            |
|               | (5) access patterns         | 39,724       | array access pattern optmizations                                                      |
|               |                             |              |                                                                                        |
| Performance   |                             |              | After transformations are applied to meet performance pragma targets                   |
|               | (1) loop simplification     | 39,715       | loop and instruction simplification                                                    |
|               | (2) parallelization         | 39,453       | loops are unrolled or pipelined to meet performance targets                            |
|               | (3) array partition         | 39,453       | arrays are partitioned to meet performance targets                                     |
|               | (4) simplification          | 39,453       | simplification of design after performance transformations                             |
|               |                             |              |                                                                                        |
| HW Transforms |                             |              | After hardware transfomations                                                          |
|               | (1) lowering                | 39,460       | initial conversion to HW specific instructions                                         |
|               | (2) optimizations           | 39,461       | high level synthesis optimizations                                                     |
+---------------+-----------------------------+--------------+----------------------------------------------------------------------------------------+

* Instructions per Function for each Compilation Phase
+----------------------+-------------------------+--------------+---------------+--------------+-------------+---------------+
| Function             | Location                | Compile/Link | Unroll/Inline | Array/Struct | Performance | HW Transforms |
+----------------------+-------------------------+--------------+---------------+--------------+-------------+---------------+
| + ecal_cosmic_hls    | ecal_cosmic_hls.cpp:33  | 1,361        | 38,211        | 39,724       | 39,453      | 39,461        |
|    Trig_multiplicity | ecal_cosmic_hls.cpp:117 |  173         |   595         |   596        |             |               |
|    Disc              | ecal_cosmic_hls.cpp:150 |  317         |   100         |   100        |             |               |
+----------------------+-------------------------+--------------+---------------+--------------+-------------+---------------+

* Design Size Message Settings
+---------------------------------------------+--------+------------------------------------------------------------------+
| Message Setting                             | Value  | Description                                                      |
+---------------------------------------------+--------+------------------------------------------------------------------+
| config_compile -design_size_maximum_warning | 100000 | Show a warning when total design instructions exceeds this value |
+---------------------------------------------+--------+------------------------------------------------------------------+


