================================================================
== Design Size Report
================================================================

* Total Instructions per Compilation Phase
+---------------+-----------------------------+--------------+----------------------------------------------------------------------------------------+
| Phase         | Step                        | Instructions | Description                                                                            |
+---------------+-----------------------------+--------------+----------------------------------------------------------------------------------------+
| Compile/Link  |                             |  1,361       | After all functions are compiled and linked into a single design                       |
|               |                             |              |                                                                                        |
| Unroll/Inline |                             |              | After user unroll and inline pragmas are applied                                       |
|               | (1) unroll                  | 47,551       | user unroll pragmas are applied                                                        |
|               | (2) simplification          | 35,776       | simplification of applied user unroll pragmas                                          |
|               | (3) inline                  | 34,038       | user inline pragmas are applied                                                        |
|               | (4) simplification          | 34,016       | simplification of applied user inline pragmas                                          |
|               |                             |              |                                                                                        |
| Array/Struct  |                             |              | After user array partition and struct aggregate/disaggregate pragmas are applied       |
|               | (1) array partition         | 32,217       | user array partition pragmas are applied                                               |
|               | (2) simplification          | 32,217       | simplification of applied user array partition & struct aggregate/disaggregate pragmas |
|               | (3) aggregate/disaggregate  | 32,218       | user struct aggregate/disaggregate pragmas are applied                                 |
|               | (4) array reshape           | 35,368       | apply array reshape pragmas                                                            |
|               | (5) access patterns         | 35,367       | array access pattern optmizations                                                      |
|               |                             |              |                                                                                        |
| Performance   |                             |              | After transformations are applied to meet performance pragma targets                   |
|               | (1) loop simplification     | 35,358       | loop and instruction simplification                                                    |
|               | (2) parallelization         | 35,160       | loops are unrolled or pipelined to meet performance targets                            |
|               | (3) array partition         | 35,160       | arrays are partitioned to meet performance targets                                     |
|               | (4) simplification          | 35,160       | simplification of design after performance transformations                             |
|               |                             |              |                                                                                        |
| HW Transforms |                             |              | After hardware transfomations                                                          |
|               | (1) lowering                | 35,167       | initial conversion to HW specific instructions                                         |
|               | (2) optimizations           | 35,168       | high level synthesis optimizations                                                     |
+---------------+-----------------------------+--------------+----------------------------------------------------------------------------------------+

* Instructions per Function for each Compilation Phase
+----------------------+-------------------------+--------------+---------------+--------------+-------------+---------------+
| Function             | Location                | Compile/Link | Unroll/Inline | Array/Struct | Performance | HW Transforms |
+----------------------+-------------------------+--------------+---------------+--------------+-------------+---------------+
| + ecal_cosmic_hls    | ecal_cosmic_hls.cpp:33  | 1,361        | 34,016        | 35,367       | 35,160      | 35,168        |
|    Trig_multiplicity | ecal_cosmic_hls.cpp:117 |  173         |   445         |   446        |             |               |
|    Disc              | ecal_cosmic_hls.cpp:150 |  317         |   100         |   100        |             |               |
+----------------------+-------------------------+--------------+---------------+--------------+-------------+---------------+

* Design Size Message Settings
+---------------------------------------------+--------+------------------------------------------------------------------+
| Message Setting                             | Value  | Description                                                      |
+---------------------------------------------+--------+------------------------------------------------------------------+
| config_compile -design_size_maximum_warning | 100000 | Show a warning when total design instructions exceeds this value |
+---------------------------------------------+--------+------------------------------------------------------------------+


