

================================================================
== Vitis HLS Report for 'ecal_cosmic_hls'
================================================================
* Date:           Fri Sep  6 17:02:46 2024

* Version:        2023.2 (Build 4023990 on Oct 11 2023)
* Project:        SBS_ECAL_trigger
* Solution:       crate2 (Vivado IP Flow Target)
* Product family: virtex7
* Target device:  xc7vx550t-ffg1927-1


================================================================
== Performance Estimates
================================================================
+ Timing: 
    * Summary: 
    +--------+----------+-----------+------------+
    |  Clock |  Target  | Estimated | Uncertainty|
    +--------+----------+-----------+------------+
    |ap_clk  |  32.00 ns|  20.335 ns|     8.64 ns|
    +--------+----------+-----------+------------+

+ Latency: 
    * Summary: 
    +---------+---------+-----------+-----------+-----+-----+----------+
    |  Latency (cycles) |   Latency (absolute)  |  Interval | Pipeline |
    |   min   |   max   |    min    |    max    | min | max |   Type   |
    +---------+---------+-----------+-----------+-----+-----+----------+
    |        1|        1|  32.000 ns|  32.000 ns|    1|    1|  yes(flp)|
    +---------+---------+-----------+-----------+-----+-----+----------+

    + Detail: 
        * Instance: 
        N/A

        * Loop: 
        N/A



================================================================
== Utilization Estimates
================================================================
* Summary: 
+-----------------+---------+------+--------+--------+-----+
|       Name      | BRAM_18K|  DSP |   FF   |   LUT  | URAM|
+-----------------+---------+------+--------+--------+-----+
|DSP              |        -|     -|       -|       -|    -|
|Expression       |        -|     -|       0|    3449|    -|
|FIFO             |        -|     -|       -|       -|    -|
|Instance         |        -|     -|       -|       -|    -|
|Memory           |        -|     -|       -|       -|    -|
|Multiplexer      |        -|     -|       -|      31|    -|
|Register         |        -|     -|      92|       -|    -|
+-----------------+---------+------+--------+--------+-----+
|Total            |        0|     0|      92|    3480|    0|
+-----------------+---------+------+--------+--------+-----+
|Available        |     2360|  2880|  692800|  346400|    0|
+-----------------+---------+------+--------+--------+-----+
|Utilization (%)  |        0|     0|      ~0|       1|    0|
+-----------------+---------+------+--------+--------+-----+

+ Detail: 
    * Instance: 
    N/A

    * DSP: 
    N/A

    * Memory: 
    N/A

    * FIFO: 
    N/A

    * Expression: 
    +----------------------------------+----------+----+---+----+------------+------------+
    |           Variable Name          | Operation| DSP| FF| LUT| Bitwidth P0| Bitwidth P1|
    +----------------------------------+----------+----+---+----+------------+------------+
    |add_ln61_10_fu_1097_p2            |         +|   0|  0|  13|           4|           3|
    |add_ln61_11_fu_1143_p2            |         +|   0|  0|  13|           4|           3|
    |add_ln61_12_fu_1189_p2            |         +|   0|  0|  13|           4|           3|
    |add_ln61_13_fu_1235_p2            |         +|   0|  0|  13|           4|           3|
    |add_ln61_14_fu_1373_p2            |         +|   0|  0|  13|           4|           1|
    |add_ln61_15_fu_1419_p2            |         +|   0|  0|  13|           4|           2|
    |add_ln61_16_fu_1465_p2            |         +|   0|  0|  13|           4|           2|
    |add_ln61_17_fu_1511_p2            |         +|   0|  0|  13|           4|           3|
    |add_ln61_18_fu_1557_p2            |         +|   0|  0|  13|           4|           3|
    |add_ln61_19_fu_1603_p2            |         +|   0|  0|  13|           4|           3|
    |add_ln61_1_fu_591_p2              |         +|   0|  0|  13|           4|           2|
    |add_ln61_20_fu_1649_p2            |         +|   0|  0|  13|           4|           3|
    |add_ln61_21_fu_1787_p2            |         +|   0|  0|  13|           4|           1|
    |add_ln61_22_fu_1833_p2            |         +|   0|  0|  13|           4|           2|
    |add_ln61_23_fu_1879_p2            |         +|   0|  0|  13|           4|           2|
    |add_ln61_24_fu_1925_p2            |         +|   0|  0|  13|           4|           3|
    |add_ln61_25_fu_1971_p2            |         +|   0|  0|  13|           4|           3|
    |add_ln61_26_fu_2017_p2            |         +|   0|  0|  13|           4|           3|
    |add_ln61_27_fu_2063_p2            |         +|   0|  0|  13|           4|           3|
    |add_ln61_28_fu_2201_p2            |         +|   0|  0|  13|           4|           1|
    |add_ln61_29_fu_2247_p2            |         +|   0|  0|  13|           4|           2|
    |add_ln61_2_fu_643_p2              |         +|   0|  0|  13|           4|           2|
    |add_ln61_30_fu_2293_p2            |         +|   0|  0|  13|           4|           2|
    |add_ln61_31_fu_2339_p2            |         +|   0|  0|  13|           4|           3|
    |add_ln61_32_fu_2385_p2            |         +|   0|  0|  13|           4|           3|
    |add_ln61_33_fu_2431_p2            |         +|   0|  0|  13|           4|           3|
    |add_ln61_34_fu_2477_p2            |         +|   0|  0|  13|           4|           3|
    |add_ln61_35_fu_2615_p2            |         +|   0|  0|  13|           4|           1|
    |add_ln61_36_fu_2661_p2            |         +|   0|  0|  13|           4|           2|
    |add_ln61_37_fu_2707_p2            |         +|   0|  0|  13|           4|           2|
    |add_ln61_38_fu_2753_p2            |         +|   0|  0|  13|           4|           3|
    |add_ln61_39_fu_2799_p2            |         +|   0|  0|  13|           4|           3|
    |add_ln61_3_fu_697_p2              |         +|   0|  0|  13|           4|           3|
    |add_ln61_40_fu_2845_p2            |         +|   0|  0|  13|           4|           3|
    |add_ln61_41_fu_2891_p2            |         +|   0|  0|  13|           4|           3|
    |add_ln61_42_fu_3029_p2            |         +|   0|  0|  13|           4|           1|
    |add_ln61_43_fu_3075_p2            |         +|   0|  0|  13|           4|           2|
    |add_ln61_44_fu_3121_p2            |         +|   0|  0|  13|           4|           2|
    |add_ln61_45_fu_3167_p2            |         +|   0|  0|  13|           4|           3|
    |add_ln61_46_fu_3213_p2            |         +|   0|  0|  13|           4|           3|
    |add_ln61_47_fu_3259_p2            |         +|   0|  0|  13|           4|           3|
    |add_ln61_48_fu_3305_p2            |         +|   0|  0|  13|           4|           3|
    |add_ln61_49_fu_3443_p2            |         +|   0|  0|  13|           4|           1|
    |add_ln61_4_fu_749_p2              |         +|   0|  0|  13|           4|           3|
    |add_ln61_50_fu_3489_p2            |         +|   0|  0|  13|           4|           2|
    |add_ln61_51_fu_3535_p2            |         +|   0|  0|  13|           4|           2|
    |add_ln61_52_fu_3581_p2            |         +|   0|  0|  13|           4|           3|
    |add_ln61_53_fu_3627_p2            |         +|   0|  0|  13|           4|           3|
    |add_ln61_54_fu_3673_p2            |         +|   0|  0|  13|           4|           3|
    |add_ln61_55_fu_3719_p2            |         +|   0|  0|  13|           4|           3|
    |add_ln61_56_fu_3857_p2            |         +|   0|  0|  13|           4|           1|
    |add_ln61_57_fu_3903_p2            |         +|   0|  0|  13|           4|           2|
    |add_ln61_58_fu_3949_p2            |         +|   0|  0|  13|           4|           2|
    |add_ln61_59_fu_3995_p2            |         +|   0|  0|  13|           4|           3|
    |add_ln61_5_fu_801_p2              |         +|   0|  0|  13|           4|           3|
    |add_ln61_60_fu_4041_p2            |         +|   0|  0|  13|           4|           3|
    |add_ln61_61_fu_4087_p2            |         +|   0|  0|  13|           4|           3|
    |add_ln61_62_fu_4133_p2            |         +|   0|  0|  13|           4|           3|
    |add_ln61_63_fu_4271_p2            |         +|   0|  0|  13|           4|           1|
    |add_ln61_64_fu_4317_p2            |         +|   0|  0|  13|           4|           2|
    |add_ln61_65_fu_4363_p2            |         +|   0|  0|  13|           4|           2|
    |add_ln61_66_fu_4409_p2            |         +|   0|  0|  13|           4|           3|
    |add_ln61_67_fu_4455_p2            |         +|   0|  0|  13|           4|           3|
    |add_ln61_68_fu_4501_p2            |         +|   0|  0|  13|           4|           3|
    |add_ln61_69_fu_4547_p2            |         +|   0|  0|  13|           4|           3|
    |add_ln61_6_fu_853_p2              |         +|   0|  0|  13|           4|           3|
    |add_ln61_7_fu_959_p2              |         +|   0|  0|  13|           4|           1|
    |add_ln61_8_fu_1005_p2             |         +|   0|  0|  13|           4|           2|
    |add_ln61_9_fu_1051_p2             |         +|   0|  0|  13|           4|           2|
    |add_ln61_fu_529_p2                |         +|   0|  0|  13|           4|           1|
    |and_ln189_1_fu_6791_p2            |       and|   0|  0|   2|           1|           1|
    |and_ln189_2_fu_6823_p2            |       and|   0|  0|   2|           1|           1|
    |and_ln189_3_fu_6855_p2            |       and|   0|  0|   2|           1|           1|
    |and_ln189_4_fu_6885_p2            |       and|   0|  0|   2|           1|           1|
    |and_ln189_5_fu_6915_p2            |       and|   0|  0|   2|           1|           1|
    |and_ln189_6_fu_6945_p2            |       and|   0|  0|   2|           1|           1|
    |and_ln189_7_fu_6975_p2            |       and|   0|  0|   2|           1|           1|
    |and_ln189_fu_6775_p2              |       and|   0|  0|   2|           1|           1|
    |and_ln60_10_fu_1079_p2            |       and|   0|  0|   2|           1|           1|
    |and_ln60_11_fu_1125_p2            |       and|   0|  0|   2|           1|           1|
    |and_ln60_12_fu_1171_p2            |       and|   0|  0|   2|           1|           1|
    |and_ln60_13_fu_1217_p2            |       and|   0|  0|   2|           1|           1|
    |and_ln60_14_fu_1355_p2            |       and|   0|  0|   2|           1|           1|
    |and_ln60_15_fu_1401_p2            |       and|   0|  0|   2|           1|           1|
    |and_ln60_16_fu_1447_p2            |       and|   0|  0|   2|           1|           1|
    |and_ln60_17_fu_1493_p2            |       and|   0|  0|   2|           1|           1|
    |and_ln60_18_fu_1539_p2            |       and|   0|  0|   2|           1|           1|
    |and_ln60_19_fu_1585_p2            |       and|   0|  0|   2|           1|           1|
    |and_ln60_1_fu_573_p2              |       and|   0|  0|   2|           1|           1|
    |and_ln60_20_fu_1631_p2            |       and|   0|  0|   2|           1|           1|
    |and_ln60_21_fu_1769_p2            |       and|   0|  0|   2|           1|           1|
    |and_ln60_22_fu_1815_p2            |       and|   0|  0|   2|           1|           1|
    |and_ln60_23_fu_1861_p2            |       and|   0|  0|   2|           1|           1|
    |and_ln60_24_fu_1907_p2            |       and|   0|  0|   2|           1|           1|
    |and_ln60_25_fu_1953_p2            |       and|   0|  0|   2|           1|           1|
    |and_ln60_26_fu_1999_p2            |       and|   0|  0|   2|           1|           1|
    |and_ln60_27_fu_2045_p2            |       and|   0|  0|   2|           1|           1|
    |and_ln60_28_fu_2183_p2            |       and|   0|  0|   2|           1|           1|
    |and_ln60_29_fu_2229_p2            |       and|   0|  0|   2|           1|           1|
    |and_ln60_2_fu_625_p2              |       and|   0|  0|   2|           1|           1|
    |and_ln60_30_fu_2275_p2            |       and|   0|  0|   2|           1|           1|
    |and_ln60_31_fu_2321_p2            |       and|   0|  0|   2|           1|           1|
    |and_ln60_32_fu_2367_p2            |       and|   0|  0|   2|           1|           1|
    |and_ln60_33_fu_2413_p2            |       and|   0|  0|   2|           1|           1|
    |and_ln60_34_fu_2459_p2            |       and|   0|  0|   2|           1|           1|
    |and_ln60_35_fu_2597_p2            |       and|   0|  0|   2|           1|           1|
    |and_ln60_36_fu_2643_p2            |       and|   0|  0|   2|           1|           1|
    |and_ln60_37_fu_2689_p2            |       and|   0|  0|   2|           1|           1|
    |and_ln60_38_fu_2735_p2            |       and|   0|  0|   2|           1|           1|
    |and_ln60_39_fu_2781_p2            |       and|   0|  0|   2|           1|           1|
    |and_ln60_3_fu_679_p2              |       and|   0|  0|   2|           1|           1|
    |and_ln60_40_fu_2827_p2            |       and|   0|  0|   2|           1|           1|
    |and_ln60_41_fu_2873_p2            |       and|   0|  0|   2|           1|           1|
    |and_ln60_42_fu_3011_p2            |       and|   0|  0|   2|           1|           1|
    |and_ln60_43_fu_3057_p2            |       and|   0|  0|   2|           1|           1|
    |and_ln60_44_fu_3103_p2            |       and|   0|  0|   2|           1|           1|
    |and_ln60_45_fu_3149_p2            |       and|   0|  0|   2|           1|           1|
    |and_ln60_46_fu_3195_p2            |       and|   0|  0|   2|           1|           1|
    |and_ln60_47_fu_3241_p2            |       and|   0|  0|   2|           1|           1|
    |and_ln60_48_fu_3287_p2            |       and|   0|  0|   2|           1|           1|
    |and_ln60_49_fu_3425_p2            |       and|   0|  0|   2|           1|           1|
    |and_ln60_4_fu_731_p2              |       and|   0|  0|   2|           1|           1|
    |and_ln60_50_fu_3471_p2            |       and|   0|  0|   2|           1|           1|
    |and_ln60_51_fu_3517_p2            |       and|   0|  0|   2|           1|           1|
    |and_ln60_52_fu_3563_p2            |       and|   0|  0|   2|           1|           1|
    |and_ln60_53_fu_3609_p2            |       and|   0|  0|   2|           1|           1|
    |and_ln60_54_fu_3655_p2            |       and|   0|  0|   2|           1|           1|
    |and_ln60_55_fu_3701_p2            |       and|   0|  0|   2|           1|           1|
    |and_ln60_56_fu_3839_p2            |       and|   0|  0|   2|           1|           1|
    |and_ln60_57_fu_3885_p2            |       and|   0|  0|   2|           1|           1|
    |and_ln60_58_fu_3931_p2            |       and|   0|  0|   2|           1|           1|
    |and_ln60_59_fu_3977_p2            |       and|   0|  0|   2|           1|           1|
    |and_ln60_5_fu_783_p2              |       and|   0|  0|   2|           1|           1|
    |and_ln60_60_fu_4023_p2            |       and|   0|  0|   2|           1|           1|
    |and_ln60_61_fu_4069_p2            |       and|   0|  0|   2|           1|           1|
    |and_ln60_62_fu_4115_p2            |       and|   0|  0|   2|           1|           1|
    |and_ln60_63_fu_4253_p2            |       and|   0|  0|   2|           1|           1|
    |and_ln60_64_fu_4299_p2            |       and|   0|  0|   2|           1|           1|
    |and_ln60_65_fu_4345_p2            |       and|   0|  0|   2|           1|           1|
    |and_ln60_66_fu_4391_p2            |       and|   0|  0|   2|           1|           1|
    |and_ln60_67_fu_4437_p2            |       and|   0|  0|   2|           1|           1|
    |and_ln60_68_fu_4483_p2            |       and|   0|  0|   2|           1|           1|
    |and_ln60_69_fu_4529_p2            |       and|   0|  0|   2|           1|           1|
    |and_ln60_6_fu_835_p2              |       and|   0|  0|   2|           1|           1|
    |and_ln60_7_fu_941_p2              |       and|   0|  0|   2|           1|           1|
    |and_ln60_8_fu_987_p2              |       and|   0|  0|   2|           1|           1|
    |and_ln60_9_fu_1033_p2             |       and|   0|  0|   2|           1|           1|
    |and_ln60_fu_511_p2                |       and|   0|  0|   2|           1|           1|
    |cmp_i_i72_1_fu_897_p2             |      icmp|   0|  0|  20|          13|           1|
    |cmp_i_i72_2_fu_1311_p2            |      icmp|   0|  0|  20|          13|           1|
    |cmp_i_i72_3_fu_1725_p2            |      icmp|   0|  0|  20|          13|           1|
    |cmp_i_i72_4_fu_2139_p2            |      icmp|   0|  0|  20|          13|           1|
    |cmp_i_i72_5_fu_2553_p2            |      icmp|   0|  0|  20|          13|           1|
    |cmp_i_i72_6_fu_2967_p2            |      icmp|   0|  0|  20|          13|           1|
    |cmp_i_i72_7_fu_3381_p2            |      icmp|   0|  0|  20|          13|           1|
    |cmp_i_i72_8_fu_3795_p2            |      icmp|   0|  0|  20|          13|           1|
    |cmp_i_i72_9_fu_4209_p2            |      icmp|   0|  0|  20|          13|           1|
    |cmp_i_i72_fu_461_p2               |      icmp|   0|  0|  20|          13|           1|
    |icmp_ln143_1_fu_6491_p2           |      icmp|   0|  0|  13|           4|           4|
    |icmp_ln143_2_fu_6501_p2           |      icmp|   0|  0|  13|           4|           4|
    |icmp_ln143_3_fu_6511_p2           |      icmp|   0|  0|  13|           4|           4|
    |icmp_ln143_4_fu_6521_p2           |      icmp|   0|  0|  13|           4|           4|
    |icmp_ln143_5_fu_6531_p2           |      icmp|   0|  0|  13|           4|           4|
    |icmp_ln143_6_fu_6541_p2           |      icmp|   0|  0|  13|           4|           4|
    |icmp_ln143_7_fu_6559_p2           |      icmp|   0|  0|  13|           4|           4|
    |icmp_ln143_fu_6481_p2             |      icmp|   0|  0|  13|           4|           4|
    |icmp_ln60_1_fu_567_p2             |      icmp|   0|  0|  10|           2|           1|
    |icmp_ln60_2_fu_619_p2             |      icmp|   0|  0|  11|           3|           2|
    |icmp_ln60_3_fu_725_p2             |      icmp|   0|  0|  13|           3|           4|
    |icmp_ln60_4_fu_777_p2             |      icmp|   0|  0|  11|           3|           3|
    |icmp_ln60_5_fu_829_p2             |      icmp|   0|  0|  11|           3|           2|
    |icmp_ln60_fu_505_p2               |      icmp|   0|  0|  11|           3|           1|
    |ap_block_state1_pp0_stage0_iter0  |        or|   0|  0|   2|           1|           1|
    |or_ln60_10_fu_999_p2              |        or|   0|  0|   2|           1|           1|
    |or_ln60_11_fu_1045_p2             |        or|   0|  0|   2|           1|           1|
    |or_ln60_12_fu_1091_p2             |        or|   0|  0|   2|           1|           1|
    |or_ln60_13_fu_1137_p2             |        or|   0|  0|   2|           1|           1|
    |or_ln60_14_fu_1183_p2             |        or|   0|  0|   2|           1|           1|
    |or_ln60_15_fu_1229_p2             |        or|   0|  0|   2|           1|           1|
    |or_ln60_16_fu_1323_p2             |        or|   0|  0|   2|           1|           1|
    |or_ln60_17_fu_1367_p2             |        or|   0|  0|   2|           1|           1|
    |or_ln60_18_fu_1413_p2             |        or|   0|  0|   2|           1|           1|
    |or_ln60_19_fu_1459_p2             |        or|   0|  0|   2|           1|           1|
    |or_ln60_1_fu_523_p2               |        or|   0|  0|   2|           1|           1|
    |or_ln60_20_fu_1505_p2             |        or|   0|  0|   2|           1|           1|
    |or_ln60_21_fu_1551_p2             |        or|   0|  0|   2|           1|           1|
    |or_ln60_22_fu_1597_p2             |        or|   0|  0|   2|           1|           1|
    |or_ln60_23_fu_1643_p2             |        or|   0|  0|   2|           1|           1|
    |or_ln60_24_fu_1737_p2             |        or|   0|  0|   2|           1|           1|
    |or_ln60_25_fu_1781_p2             |        or|   0|  0|   2|           1|           1|
    |or_ln60_26_fu_1827_p2             |        or|   0|  0|   2|           1|           1|
    |or_ln60_27_fu_1873_p2             |        or|   0|  0|   2|           1|           1|
    |or_ln60_28_fu_1919_p2             |        or|   0|  0|   2|           1|           1|
    |or_ln60_29_fu_1965_p2             |        or|   0|  0|   2|           1|           1|
    |or_ln60_2_fu_585_p2               |        or|   0|  0|   2|           1|           1|
    |or_ln60_30_fu_2011_p2             |        or|   0|  0|   2|           1|           1|
    |or_ln60_31_fu_2057_p2             |        or|   0|  0|   2|           1|           1|
    |or_ln60_32_fu_2151_p2             |        or|   0|  0|   2|           1|           1|
    |or_ln60_33_fu_2195_p2             |        or|   0|  0|   2|           1|           1|
    |or_ln60_34_fu_2241_p2             |        or|   0|  0|   2|           1|           1|
    |or_ln60_35_fu_2287_p2             |        or|   0|  0|   2|           1|           1|
    |or_ln60_36_fu_2333_p2             |        or|   0|  0|   2|           1|           1|
    |or_ln60_37_fu_2379_p2             |        or|   0|  0|   2|           1|           1|
    |or_ln60_38_fu_2425_p2             |        or|   0|  0|   2|           1|           1|
    |or_ln60_39_fu_2471_p2             |        or|   0|  0|   2|           1|           1|
    |or_ln60_3_fu_637_p2               |        or|   0|  0|   2|           1|           1|
    |or_ln60_40_fu_2565_p2             |        or|   0|  0|   2|           1|           1|
    |or_ln60_41_fu_2609_p2             |        or|   0|  0|   2|           1|           1|
    |or_ln60_42_fu_2655_p2             |        or|   0|  0|   2|           1|           1|
    |or_ln60_43_fu_2701_p2             |        or|   0|  0|   2|           1|           1|
    |or_ln60_44_fu_2747_p2             |        or|   0|  0|   2|           1|           1|
    |or_ln60_45_fu_2793_p2             |        or|   0|  0|   2|           1|           1|
    |or_ln60_46_fu_2839_p2             |        or|   0|  0|   2|           1|           1|
    |or_ln60_47_fu_2885_p2             |        or|   0|  0|   2|           1|           1|
    |or_ln60_48_fu_2979_p2             |        or|   0|  0|   2|           1|           1|
    |or_ln60_49_fu_3023_p2             |        or|   0|  0|   2|           1|           1|
    |or_ln60_4_fu_691_p2               |        or|   0|  0|   2|           1|           1|
    |or_ln60_50_fu_3069_p2             |        or|   0|  0|   2|           1|           1|
    |or_ln60_51_fu_3115_p2             |        or|   0|  0|   2|           1|           1|
    |or_ln60_52_fu_3161_p2             |        or|   0|  0|   2|           1|           1|
    |or_ln60_53_fu_3207_p2             |        or|   0|  0|   2|           1|           1|
    |or_ln60_54_fu_3253_p2             |        or|   0|  0|   2|           1|           1|
    |or_ln60_55_fu_3299_p2             |        or|   0|  0|   2|           1|           1|
    |or_ln60_56_fu_3393_p2             |        or|   0|  0|   2|           1|           1|
    |or_ln60_57_fu_3437_p2             |        or|   0|  0|   2|           1|           1|
    |or_ln60_58_fu_3483_p2             |        or|   0|  0|   2|           1|           1|
    |or_ln60_59_fu_3529_p2             |        or|   0|  0|   2|           1|           1|
    |or_ln60_5_fu_743_p2               |        or|   0|  0|   2|           1|           1|
    |or_ln60_60_fu_3575_p2             |        or|   0|  0|   2|           1|           1|
    |or_ln60_61_fu_3621_p2             |        or|   0|  0|   2|           1|           1|
    |or_ln60_62_fu_3667_p2             |        or|   0|  0|   2|           1|           1|
    |or_ln60_63_fu_3713_p2             |        or|   0|  0|   2|           1|           1|
    |or_ln60_64_fu_3807_p2             |        or|   0|  0|   2|           1|           1|
    |or_ln60_65_fu_3851_p2             |        or|   0|  0|   2|           1|           1|
    |or_ln60_66_fu_3897_p2             |        or|   0|  0|   2|           1|           1|
    |or_ln60_67_fu_3943_p2             |        or|   0|  0|   2|           1|           1|
    |or_ln60_68_fu_3989_p2             |        or|   0|  0|   2|           1|           1|
    |or_ln60_69_fu_4035_p2             |        or|   0|  0|   2|           1|           1|
    |or_ln60_6_fu_795_p2               |        or|   0|  0|   2|           1|           1|
    |or_ln60_70_fu_4081_p2             |        or|   0|  0|   2|           1|           1|
    |or_ln60_71_fu_4127_p2             |        or|   0|  0|   2|           1|           1|
    |or_ln60_72_fu_4221_p2             |        or|   0|  0|   2|           1|           1|
    |or_ln60_73_fu_4265_p2             |        or|   0|  0|   2|           1|           1|
    |or_ln60_74_fu_4311_p2             |        or|   0|  0|   2|           1|           1|
    |or_ln60_75_fu_4357_p2             |        or|   0|  0|   2|           1|           1|
    |or_ln60_76_fu_4403_p2             |        or|   0|  0|   2|           1|           1|
    |or_ln60_77_fu_4449_p2             |        or|   0|  0|   2|           1|           1|
    |or_ln60_78_fu_4495_p2             |        or|   0|  0|   2|           1|           1|
    |or_ln60_79_fu_4541_p2             |        or|   0|  0|   2|           1|           1|
    |or_ln60_7_fu_847_p2               |        or|   0|  0|   2|           1|           1|
    |or_ln60_8_fu_909_p2               |        or|   0|  0|   2|           1|           1|
    |or_ln60_9_fu_953_p2               |        or|   0|  0|   2|           1|           1|
    |or_ln60_fu_473_p2                 |        or|   0|  0|   2|           1|           1|
    |or_ln71_10_fu_4703_p2             |        or|   0|  0|   2|           2|           2|
    |or_ln71_11_fu_4725_p2             |        or|   0|  0|   2|           2|           2|
    |or_ln71_12_fu_4747_p2             |        or|   0|  0|   2|           2|           2|
    |or_ln71_13_fu_4769_p2             |        or|   0|  0|   2|           2|           2|
    |or_ln71_14_fu_4791_p2             |        or|   0|  0|   2|           2|           2|
    |or_ln71_15_fu_4813_p2             |        or|   0|  0|   2|           2|           2|
    |or_ln71_16_fu_4835_p2             |        or|   0|  0|   2|           2|           2|
    |or_ln71_17_fu_4857_p2             |        or|   0|  0|   2|           2|           2|
    |or_ln71_18_fu_4889_p2             |        or|   0|  0|   3|           3|           3|
    |or_ln71_19_fu_4913_p2             |        or|   0|  0|   3|           3|           3|
    |or_ln71_1_fu_4617_p2              |        or|   0|  0|   2|           1|           1|
    |or_ln71_20_fu_4937_p2             |        or|   0|  0|   3|           3|           3|
    |or_ln71_21_fu_4961_p2             |        or|   0|  0|   3|           3|           3|
    |or_ln71_22_fu_4985_p2             |        or|   0|  0|   3|           3|           3|
    |or_ln71_23_fu_5009_p2             |        or|   0|  0|   3|           3|           3|
    |or_ln71_24_fu_5033_p2             |        or|   0|  0|   3|           3|           3|
    |or_ln71_25_fu_5057_p2             |        or|   0|  0|   3|           3|           3|
    |or_ln71_26_fu_5081_p2             |        or|   0|  0|   3|           3|           3|
    |or_ln71_27_fu_5115_p2             |        or|   0|  0|   4|           4|           4|
    |or_ln71_28_fu_5141_p2             |        or|   0|  0|   4|           4|           4|
    |or_ln71_29_fu_5167_p2             |        or|   0|  0|   4|           4|           4|
    |or_ln71_2_fu_4623_p2              |        or|   0|  0|   2|           1|           1|
    |or_ln71_30_fu_5193_p2             |        or|   0|  0|   4|           4|           4|
    |or_ln71_31_fu_5219_p2             |        or|   0|  0|   4|           4|           4|
    |or_ln71_32_fu_5245_p2             |        or|   0|  0|   4|           4|           4|
    |or_ln71_33_fu_5271_p2             |        or|   0|  0|   4|           4|           4|
    |or_ln71_34_fu_5297_p2             |        or|   0|  0|   4|           4|           4|
    |or_ln71_35_fu_5323_p2             |        or|   0|  0|   4|           4|           4|
    |or_ln71_36_fu_5359_p2             |        or|   0|  0|   5|           5|           5|
    |or_ln71_37_fu_5387_p2             |        or|   0|  0|   5|           5|           5|
    |or_ln71_38_fu_5415_p2             |        or|   0|  0|   5|           5|           5|
    |or_ln71_39_fu_5443_p2             |        or|   0|  0|   5|           5|           5|
    |or_ln71_3_fu_4629_p2              |        or|   0|  0|   2|           1|           1|
    |or_ln71_40_fu_5471_p2             |        or|   0|  0|   5|           5|           5|
    |or_ln71_41_fu_5499_p2             |        or|   0|  0|   5|           5|           5|
    |or_ln71_42_fu_5527_p2             |        or|   0|  0|   5|           5|           5|
    |or_ln71_43_fu_5555_p2             |        or|   0|  0|   5|           5|           5|
    |or_ln71_44_fu_5583_p2             |        or|   0|  0|   5|           5|           5|
    |or_ln71_45_fu_5621_p2             |        or|   0|  0|   6|           6|           6|
    |or_ln71_46_fu_5651_p2             |        or|   0|  0|   6|           6|           6|
    |or_ln71_47_fu_5681_p2             |        or|   0|  0|   6|           6|           6|
    |or_ln71_48_fu_5711_p2             |        or|   0|  0|   6|           6|           6|
    |or_ln71_49_fu_5741_p2             |        or|   0|  0|   6|           6|           6|
    |or_ln71_4_fu_4635_p2              |        or|   0|  0|   2|           1|           1|
    |or_ln71_50_fu_5771_p2             |        or|   0|  0|   6|           6|           6|
    |or_ln71_51_fu_5801_p2             |        or|   0|  0|   6|           6|           6|
    |or_ln71_52_fu_5831_p2             |        or|   0|  0|   6|           6|           6|
    |or_ln71_53_fu_5861_p2             |        or|   0|  0|   6|           6|           6|
    |or_ln71_54_fu_5901_p2             |        or|   0|  0|   7|           7|           7|
    |or_ln71_55_fu_5933_p2             |        or|   0|  0|   7|           7|           7|
    |or_ln71_56_fu_5965_p2             |        or|   0|  0|   7|           7|           7|
    |or_ln71_57_fu_5997_p2             |        or|   0|  0|   7|           7|           7|
    |or_ln71_58_fu_6029_p2             |        or|   0|  0|   7|           7|           7|
    |or_ln71_59_fu_6061_p2             |        or|   0|  0|   7|           7|           7|
    |or_ln71_5_fu_4641_p2              |        or|   0|  0|   2|           1|           1|
    |or_ln71_60_fu_6093_p2             |        or|   0|  0|   7|           7|           7|
    |or_ln71_61_fu_6125_p2             |        or|   0|  0|   7|           7|           7|
    |or_ln71_62_fu_6157_p2             |        or|   0|  0|   7|           7|           7|
    |or_ln71_63_fu_6199_p2             |        or|   0|  0|   8|           8|           8|
    |or_ln71_64_fu_6233_p2             |        or|   0|  0|   8|           8|           8|
    |or_ln71_65_fu_6267_p2             |        or|   0|  0|   8|           8|           8|
    |or_ln71_66_fu_6301_p2             |        or|   0|  0|   8|           8|           8|
    |or_ln71_67_fu_6335_p2             |        or|   0|  0|   8|           8|           8|
    |or_ln71_68_fu_6369_p2             |        or|   0|  0|   8|           8|           8|
    |or_ln71_69_fu_6403_p2             |        or|   0|  0|   8|           8|           8|
    |or_ln71_6_fu_4647_p2              |        or|   0|  0|   2|           1|           1|
    |or_ln71_70_fu_6437_p2             |        or|   0|  0|   8|           8|           8|
    |or_ln71_71_fu_6471_p2             |        or|   0|  0|   8|           8|           8|
    |or_ln71_7_fu_4653_p2              |        or|   0|  0|   2|           1|           1|
    |or_ln71_9_fu_4681_p2              |        or|   0|  0|   2|           2|           2|
    |or_ln71_fu_4611_p2                |        or|   0|  0|   2|           1|           1|
    |tot_hits_fu_4659_p2               |        or|   0|  0|   2|           1|           1|
    |s_trigger_t_din                   |    select|   0|  0|   8|           1|           8|
    |select_ln189_1_fu_6837_p3         |    select|   0|  0|   3|           1|           3|
    |select_ln189_2_fu_6871_p3         |    select|   0|  0|   8|           1|           8|
    |select_ln189_3_fu_6901_p3         |    select|   0|  0|   8|           1|           8|
    |select_ln189_4_fu_6931_p3         |    select|   0|  0|   8|           1|           8|
    |select_ln189_5_fu_6961_p3         |    select|   0|  0|   8|           1|           8|
    |select_ln189_fu_6805_p3           |    select|   0|  0|   2|           1|           2|
    |select_ln60_10_fu_1025_p3         |    select|   0|  0|  16|           1|          16|
    |select_ln60_11_fu_1071_p3         |    select|   0|  0|  16|           1|          16|
    |select_ln60_12_fu_1117_p3         |    select|   0|  0|  16|           1|          16|
    |select_ln60_13_fu_1163_p3         |    select|   0|  0|  16|           1|          16|
    |select_ln60_14_fu_1209_p3         |    select|   0|  0|  16|           1|          16|
    |select_ln60_15_fu_1255_p3         |    select|   0|  0|  16|           1|          16|
    |select_ln60_16_fu_1347_p3         |    select|   0|  0|  16|           1|          16|
    |select_ln60_17_fu_1393_p3         |    select|   0|  0|  16|           1|          16|
    |select_ln60_18_fu_1439_p3         |    select|   0|  0|  16|           1|          16|
    |select_ln60_19_fu_1485_p3         |    select|   0|  0|  16|           1|          16|
    |select_ln60_1_fu_549_p3           |    select|   0|  0|  16|           1|          16|
    |select_ln60_20_fu_1531_p3         |    select|   0|  0|  16|           1|          16|
    |select_ln60_21_fu_1577_p3         |    select|   0|  0|  16|           1|          16|
    |select_ln60_22_fu_1623_p3         |    select|   0|  0|  16|           1|          16|
    |select_ln60_23_fu_1669_p3         |    select|   0|  0|  16|           1|          16|
    |select_ln60_24_fu_1761_p3         |    select|   0|  0|  16|           1|          16|
    |select_ln60_25_fu_1807_p3         |    select|   0|  0|  16|           1|          16|
    |select_ln60_26_fu_1853_p3         |    select|   0|  0|  16|           1|          16|
    |select_ln60_27_fu_1899_p3         |    select|   0|  0|  16|           1|          16|
    |select_ln60_28_fu_1945_p3         |    select|   0|  0|  16|           1|          16|
    |select_ln60_29_fu_1991_p3         |    select|   0|  0|  16|           1|          16|
    |select_ln60_2_fu_611_p3           |    select|   0|  0|  16|           1|          16|
    |select_ln60_30_fu_2037_p3         |    select|   0|  0|  16|           1|          16|
    |select_ln60_31_fu_2083_p3         |    select|   0|  0|  16|           1|          16|
    |select_ln60_32_fu_2175_p3         |    select|   0|  0|  16|           1|          16|
    |select_ln60_33_fu_2221_p3         |    select|   0|  0|  16|           1|          16|
    |select_ln60_34_fu_2267_p3         |    select|   0|  0|  16|           1|          16|
    |select_ln60_35_fu_2313_p3         |    select|   0|  0|  16|           1|          16|
    |select_ln60_36_fu_2359_p3         |    select|   0|  0|  16|           1|          16|
    |select_ln60_37_fu_2405_p3         |    select|   0|  0|  16|           1|          16|
    |select_ln60_38_fu_2451_p3         |    select|   0|  0|  16|           1|          16|
    |select_ln60_39_fu_2497_p3         |    select|   0|  0|  16|           1|          16|
    |select_ln60_3_fu_663_p3           |    select|   0|  0|  16|           1|          16|
    |select_ln60_40_fu_2589_p3         |    select|   0|  0|  16|           1|          16|
    |select_ln60_41_fu_2635_p3         |    select|   0|  0|  16|           1|          16|
    |select_ln60_42_fu_2681_p3         |    select|   0|  0|  16|           1|          16|
    |select_ln60_43_fu_2727_p3         |    select|   0|  0|  16|           1|          16|
    |select_ln60_44_fu_2773_p3         |    select|   0|  0|  16|           1|          16|
    |select_ln60_45_fu_2819_p3         |    select|   0|  0|  16|           1|          16|
    |select_ln60_46_fu_2865_p3         |    select|   0|  0|  16|           1|          16|
    |select_ln60_47_fu_2911_p3         |    select|   0|  0|  16|           1|          16|
    |select_ln60_48_fu_3003_p3         |    select|   0|  0|  16|           1|          16|
    |select_ln60_49_fu_3049_p3         |    select|   0|  0|  16|           1|          16|
    |select_ln60_4_fu_717_p3           |    select|   0|  0|  16|           1|          16|
    |select_ln60_50_fu_3095_p3         |    select|   0|  0|  16|           1|          16|
    |select_ln60_51_fu_3141_p3         |    select|   0|  0|  16|           1|          16|
    |select_ln60_52_fu_3187_p3         |    select|   0|  0|  16|           1|          16|
    |select_ln60_53_fu_3233_p3         |    select|   0|  0|  16|           1|          16|
    |select_ln60_54_fu_3279_p3         |    select|   0|  0|  16|           1|          16|
    |select_ln60_55_fu_3325_p3         |    select|   0|  0|  16|           1|          16|
    |select_ln60_56_fu_3417_p3         |    select|   0|  0|  16|           1|          16|
    |select_ln60_57_fu_3463_p3         |    select|   0|  0|  16|           1|          16|
    |select_ln60_58_fu_3509_p3         |    select|   0|  0|  16|           1|          16|
    |select_ln60_59_fu_3555_p3         |    select|   0|  0|  16|           1|          16|
    |select_ln60_5_fu_769_p3           |    select|   0|  0|  16|           1|          16|
    |select_ln60_60_fu_3601_p3         |    select|   0|  0|  16|           1|          16|
    |select_ln60_61_fu_3647_p3         |    select|   0|  0|  16|           1|          16|
    |select_ln60_62_fu_3693_p3         |    select|   0|  0|  16|           1|          16|
    |select_ln60_63_fu_3739_p3         |    select|   0|  0|  16|           1|          16|
    |select_ln60_64_fu_3831_p3         |    select|   0|  0|  16|           1|          16|
    |select_ln60_65_fu_3877_p3         |    select|   0|  0|  16|           1|          16|
    |select_ln60_66_fu_3923_p3         |    select|   0|  0|  16|           1|          16|
    |select_ln60_67_fu_3969_p3         |    select|   0|  0|  16|           1|          16|
    |select_ln60_68_fu_4015_p3         |    select|   0|  0|  16|           1|          16|
    |select_ln60_69_fu_4061_p3         |    select|   0|  0|  16|           1|          16|
    |select_ln60_6_fu_821_p3           |    select|   0|  0|  16|           1|          16|
    |select_ln60_70_fu_4107_p3         |    select|   0|  0|  16|           1|          16|
    |select_ln60_71_fu_4153_p3         |    select|   0|  0|  16|           1|          16|
    |select_ln60_72_fu_4245_p3         |    select|   0|  0|  16|           1|          16|
    |select_ln60_73_fu_4291_p3         |    select|   0|  0|  16|           1|          16|
    |select_ln60_74_fu_4337_p3         |    select|   0|  0|  16|           1|          16|
    |select_ln60_75_fu_4383_p3         |    select|   0|  0|  16|           1|          16|
    |select_ln60_76_fu_4429_p3         |    select|   0|  0|  16|           1|          16|
    |select_ln60_77_fu_4475_p3         |    select|   0|  0|  16|           1|          16|
    |select_ln60_78_fu_4521_p3         |    select|   0|  0|  16|           1|          16|
    |select_ln60_79_fu_4567_p3         |    select|   0|  0|  16|           1|          16|
    |select_ln60_7_fu_873_p3           |    select|   0|  0|  16|           1|          16|
    |select_ln60_8_fu_933_p3           |    select|   0|  0|  16|           1|          16|
    |select_ln60_9_fu_979_p3           |    select|   0|  0|  16|           1|          16|
    |select_ln60_fu_497_p3             |    select|   0|  0|  16|           1|          16|
    |xor_ln143_1_fu_6730_p2            |       xor|   0|  0|   2|           1|           2|
    |xor_ln143_2_fu_6735_p2            |       xor|   0|  0|   2|           1|           2|
    |xor_ln143_3_fu_6740_p2            |       xor|   0|  0|   2|           1|           2|
    |xor_ln143_4_fu_6745_p2            |       xor|   0|  0|   2|           1|           2|
    |xor_ln143_5_fu_6750_p2            |       xor|   0|  0|   2|           1|           2|
    |xor_ln143_6_fu_6755_p2            |       xor|   0|  0|   2|           1|           2|
    |xor_ln143_7_fu_6760_p2            |       xor|   0|  0|   2|           1|           2|
    |xor_ln143_fu_6725_p2              |       xor|   0|  0|   2|           1|           2|
    |xor_ln189_1_fu_6785_p2            |       xor|   0|  0|   2|           1|           2|
    |xor_ln189_2_fu_6817_p2            |       xor|   0|  0|   2|           1|           2|
    |xor_ln189_3_fu_6849_p2            |       xor|   0|  0|   2|           1|           2|
    |xor_ln189_4_fu_6879_p2            |       xor|   0|  0|   2|           1|           2|
    |xor_ln189_5_fu_6909_p2            |       xor|   0|  0|   2|           1|           2|
    |xor_ln189_6_fu_6939_p2            |       xor|   0|  0|   2|           1|           2|
    |xor_ln189_7_fu_6969_p2            |       xor|   0|  0|   2|           1|           2|
    |xor_ln189_fu_6769_p2              |       xor|   0|  0|   2|           1|           2|
    |xor_ln60_10_fu_993_p2             |       xor|   0|  0|   2|           2|           1|
    |xor_ln60_11_fu_1039_p2            |       xor|   0|  0|   2|           2|           1|
    |xor_ln60_12_fu_1085_p2            |       xor|   0|  0|   2|           2|           1|
    |xor_ln60_13_fu_1131_p2            |       xor|   0|  0|   2|           2|           1|
    |xor_ln60_14_fu_1177_p2            |       xor|   0|  0|   2|           2|           1|
    |xor_ln60_15_fu_1223_p2            |       xor|   0|  0|   2|           2|           1|
    |xor_ln60_16_fu_1317_p2            |       xor|   0|  0|   2|           1|           2|
    |xor_ln60_17_fu_1361_p2            |       xor|   0|  0|   2|           2|           1|
    |xor_ln60_18_fu_1407_p2            |       xor|   0|  0|   2|           2|           1|
    |xor_ln60_19_fu_1453_p2            |       xor|   0|  0|   2|           2|           1|
    |xor_ln60_1_fu_517_p2              |       xor|   0|  0|   2|           2|           1|
    |xor_ln60_20_fu_1499_p2            |       xor|   0|  0|   2|           2|           1|
    |xor_ln60_21_fu_1545_p2            |       xor|   0|  0|   2|           2|           1|
    |xor_ln60_22_fu_1591_p2            |       xor|   0|  0|   2|           2|           1|
    |xor_ln60_23_fu_1637_p2            |       xor|   0|  0|   2|           2|           1|
    |xor_ln60_24_fu_1731_p2            |       xor|   0|  0|   2|           1|           2|
    |xor_ln60_25_fu_1775_p2            |       xor|   0|  0|   2|           2|           1|
    |xor_ln60_26_fu_1821_p2            |       xor|   0|  0|   2|           2|           1|
    |xor_ln60_27_fu_1867_p2            |       xor|   0|  0|   2|           2|           1|
    |xor_ln60_28_fu_1913_p2            |       xor|   0|  0|   2|           2|           1|
    |xor_ln60_29_fu_1959_p2            |       xor|   0|  0|   2|           2|           1|
    |xor_ln60_2_fu_579_p2              |       xor|   0|  0|   2|           2|           1|
    |xor_ln60_30_fu_2005_p2            |       xor|   0|  0|   2|           2|           1|
    |xor_ln60_31_fu_2051_p2            |       xor|   0|  0|   2|           2|           1|
    |xor_ln60_32_fu_2145_p2            |       xor|   0|  0|   2|           1|           2|
    |xor_ln60_33_fu_2189_p2            |       xor|   0|  0|   2|           2|           1|
    |xor_ln60_34_fu_2235_p2            |       xor|   0|  0|   2|           2|           1|
    |xor_ln60_35_fu_2281_p2            |       xor|   0|  0|   2|           2|           1|
    |xor_ln60_36_fu_2327_p2            |       xor|   0|  0|   2|           2|           1|
    |xor_ln60_37_fu_2373_p2            |       xor|   0|  0|   2|           2|           1|
    |xor_ln60_38_fu_2419_p2            |       xor|   0|  0|   2|           2|           1|
    |xor_ln60_39_fu_2465_p2            |       xor|   0|  0|   2|           2|           1|
    |xor_ln60_3_fu_631_p2              |       xor|   0|  0|   2|           2|           1|
    |xor_ln60_40_fu_2559_p2            |       xor|   0|  0|   2|           1|           2|
    |xor_ln60_41_fu_2603_p2            |       xor|   0|  0|   2|           2|           1|
    |xor_ln60_42_fu_2649_p2            |       xor|   0|  0|   2|           2|           1|
    |xor_ln60_43_fu_2695_p2            |       xor|   0|  0|   2|           2|           1|
    |xor_ln60_44_fu_2741_p2            |       xor|   0|  0|   2|           2|           1|
    |xor_ln60_45_fu_2787_p2            |       xor|   0|  0|   2|           2|           1|
    |xor_ln60_46_fu_2833_p2            |       xor|   0|  0|   2|           2|           1|
    |xor_ln60_47_fu_2879_p2            |       xor|   0|  0|   2|           2|           1|
    |xor_ln60_48_fu_2973_p2            |       xor|   0|  0|   2|           1|           2|
    |xor_ln60_49_fu_3017_p2            |       xor|   0|  0|   2|           2|           1|
    |xor_ln60_4_fu_685_p2              |       xor|   0|  0|   2|           2|           1|
    |xor_ln60_50_fu_3063_p2            |       xor|   0|  0|   2|           2|           1|
    |xor_ln60_51_fu_3109_p2            |       xor|   0|  0|   2|           2|           1|
    |xor_ln60_52_fu_3155_p2            |       xor|   0|  0|   2|           2|           1|
    |xor_ln60_53_fu_3201_p2            |       xor|   0|  0|   2|           2|           1|
    |xor_ln60_54_fu_3247_p2            |       xor|   0|  0|   2|           2|           1|
    |xor_ln60_55_fu_3293_p2            |       xor|   0|  0|   2|           2|           1|
    |xor_ln60_56_fu_3387_p2            |       xor|   0|  0|   2|           1|           2|
    |xor_ln60_57_fu_3431_p2            |       xor|   0|  0|   2|           2|           1|
    |xor_ln60_58_fu_3477_p2            |       xor|   0|  0|   2|           2|           1|
    |xor_ln60_59_fu_3523_p2            |       xor|   0|  0|   2|           2|           1|
    |xor_ln60_5_fu_737_p2              |       xor|   0|  0|   2|           2|           1|
    |xor_ln60_60_fu_3569_p2            |       xor|   0|  0|   2|           2|           1|
    |xor_ln60_61_fu_3615_p2            |       xor|   0|  0|   2|           2|           1|
    |xor_ln60_62_fu_3661_p2            |       xor|   0|  0|   2|           2|           1|
    |xor_ln60_63_fu_3707_p2            |       xor|   0|  0|   2|           2|           1|
    |xor_ln60_64_fu_3801_p2            |       xor|   0|  0|   2|           1|           2|
    |xor_ln60_65_fu_3845_p2            |       xor|   0|  0|   2|           2|           1|
    |xor_ln60_66_fu_3891_p2            |       xor|   0|  0|   2|           2|           1|
    |xor_ln60_67_fu_3937_p2            |       xor|   0|  0|   2|           2|           1|
    |xor_ln60_68_fu_3983_p2            |       xor|   0|  0|   2|           2|           1|
    |xor_ln60_69_fu_4029_p2            |       xor|   0|  0|   2|           2|           1|
    |xor_ln60_6_fu_789_p2              |       xor|   0|  0|   2|           2|           1|
    |xor_ln60_70_fu_4075_p2            |       xor|   0|  0|   2|           2|           1|
    |xor_ln60_71_fu_4121_p2            |       xor|   0|  0|   2|           2|           1|
    |xor_ln60_72_fu_4215_p2            |       xor|   0|  0|   2|           1|           2|
    |xor_ln60_73_fu_4259_p2            |       xor|   0|  0|   2|           2|           1|
    |xor_ln60_74_fu_4305_p2            |       xor|   0|  0|   2|           2|           1|
    |xor_ln60_75_fu_4351_p2            |       xor|   0|  0|   2|           2|           1|
    |xor_ln60_76_fu_4397_p2            |       xor|   0|  0|   2|           2|           1|
    |xor_ln60_77_fu_4443_p2            |       xor|   0|  0|   2|           2|           1|
    |xor_ln60_78_fu_4489_p2            |       xor|   0|  0|   2|           2|           1|
    |xor_ln60_79_fu_4535_p2            |       xor|   0|  0|   2|           2|           1|
    |xor_ln60_7_fu_841_p2              |       xor|   0|  0|   2|           2|           1|
    |xor_ln60_8_fu_903_p2              |       xor|   0|  0|   2|           1|           2|
    |xor_ln60_9_fu_947_p2              |       xor|   0|  0|   2|           2|           1|
    |xor_ln60_fu_467_p2                |       xor|   0|  0|   2|           1|           2|
    +----------------------------------+----------+----+---+----+------------+------------+
    |Total                             |          |   0|  0|3449|        1195|        2155|
    +----------------------------------+----------+----+---+----+------------+------------+

    * Multiplexer: 
    +-----------------------+----+-----------+-----+-----------+
    |          Name         | LUT| Input Size| Bits| Total Bits|
    +-----------------------+----+-----------+-----+-----------+
    |ap_NS_iter1_fsm        |  13|          3|    2|          6|
    |s_fadc_hits_vxs_blk_n  |   9|          2|    1|          2|
    |s_trigger_t_blk_n      |   9|          2|    1|          2|
    +-----------------------+----+-----------+-----+-----------+
    |Total                  |  31|          7|    4|         10|
    +-----------------------+----+-----------+-----+-----------+

    * Register: 
    +------------------------------------------------------------------+---+----+-----+-----------+
    |                               Name                               | FF| LUT| Bits| Const Bits|
    +------------------------------------------------------------------+---+----+-----+-----------+
    |ap_CS_iter0_fsm                                                   |  1|   0|    1|          0|
    |ap_CS_iter1_fsm                                                   |  2|   0|    2|          0|
    |ecal_cosmic_hls_ap_uint_ap_uint_stream_stream_fadc_hits_stream    |  8|   0|    8|          0|
    |ecal_cosmic_hls_ap_uint_ap_uint_stream_stream_fadc_hits_stream_1  |  8|   0|    8|          0|
    |ecal_cosmic_hls_ap_uint_ap_uint_stream_stream_fadc_hits_stream_2  |  8|   0|    8|          0|
    |ecal_cosmic_hls_ap_uint_ap_uint_stream_stream_fadc_hits_stream_3  |  8|   0|    8|          0|
    |ecal_cosmic_hls_ap_uint_ap_uint_stream_stream_fadc_hits_stream_4  |  8|   0|    8|          0|
    |ecal_cosmic_hls_ap_uint_ap_uint_stream_stream_fadc_hits_stream_5  |  8|   0|    8|          0|
    |ecal_cosmic_hls_ap_uint_ap_uint_stream_stream_fadc_hits_stream_6  |  8|   0|    8|          0|
    |ecal_cosmic_hls_ap_uint_ap_uint_stream_stream_fadc_hits_stream_7  |  8|   0|    8|          0|
    |ecal_cosmic_hls_ap_uint_ap_uint_stream_stream_fadc_hits_stream_8  |  8|   0|    8|          0|
    |ecal_cosmic_hls_ap_uint_ap_uint_stream_stream_fadc_hits_stream_9  |  8|   0|    8|          0|
    |icmp_ln143_1_reg_7011                                             |  1|   0|    1|          0|
    |icmp_ln143_2_reg_7016                                             |  1|   0|    1|          0|
    |icmp_ln143_3_reg_7021                                             |  1|   0|    1|          0|
    |icmp_ln143_4_reg_7026                                             |  1|   0|    1|          0|
    |icmp_ln143_5_reg_7031                                             |  1|   0|    1|          0|
    |icmp_ln143_6_reg_7036                                             |  1|   0|    1|          0|
    |icmp_ln143_7_reg_7041                                             |  1|   0|    1|          0|
    |icmp_ln143_reg_7006                                               |  1|   0|    1|          0|
    |lastT                                                             |  1|   0|    1|          0|
    +------------------------------------------------------------------+---+----+-----+-----------+
    |Total                                                             | 92|   0|   92|          0|
    +------------------------------------------------------------------+---+----+-----+-----------+



================================================================
== Interface
================================================================
* Summary: 
+-------------------------+-----+-----+------------+-----------------+--------------+
|        RTL Ports        | Dir | Bits|  Protocol  |  Source Object  |    C Type    |
+-------------------------+-----+-----+------------+-----------------+--------------+
|ap_clk                   |   in|    1|  ap_ctrl_hs|  ecal_cosmic_hls|  return value|
|ap_rst                   |   in|    1|  ap_ctrl_hs|  ecal_cosmic_hls|  return value|
|ap_start                 |   in|    1|  ap_ctrl_hs|  ecal_cosmic_hls|  return value|
|ap_done                  |  out|    1|  ap_ctrl_hs|  ecal_cosmic_hls|  return value|
|ap_idle                  |  out|    1|  ap_ctrl_hs|  ecal_cosmic_hls|  return value|
|ap_ready                 |  out|    1|  ap_ctrl_hs|  ecal_cosmic_hls|  return value|
|s_fadc_hits_vxs_dout     |   in|  160|     ap_fifo|  s_fadc_hits_vxs|       pointer|
|s_fadc_hits_vxs_empty_n  |   in|    1|     ap_fifo|  s_fadc_hits_vxs|       pointer|
|s_fadc_hits_vxs_read     |  out|    1|     ap_fifo|  s_fadc_hits_vxs|       pointer|
|s_trigger_t_din          |  out|    8|     ap_fifo|      s_trigger_t|       pointer|
|s_trigger_t_full_n       |   in|    1|     ap_fifo|      s_trigger_t|       pointer|
|s_trigger_t_write        |  out|    1|     ap_fifo|      s_trigger_t|       pointer|
|hit_width                |   in|    3|     ap_none|        hit_width|        scalar|
|row_threshold            |   in|    4|     ap_none|    row_threshold|        scalar|
+-------------------------+-----+-----+------------+-----------------+--------------+

